[00:00:01] java.lang.NullPointerException
	com.rs2.yz85.net.packet.builder.LoginResponsePacket.writePacket(LoginResponsePacket.java:13)
	com.rs2.yz85.net.protocol.LoginProtocolDecoder.completeLogin(LoginProtocolDecoder.java:103)
	com.rs2.yz85.net.protocol.LoginProtocolDecoder.doDecode(LoginProtocolDecoder.java:70)
	org.apache.mina.filter.codec.CumulativeProtocolDecoder.decode(CumulativeProtocolDecoder.java:133)
	org.apache.mina.filter.codec.ProtocolCodecFilter.messageReceived(ProtocolCodecFilter.java:156)
	org.apache.mina.common.support.AbstractIoFilterChain.callNextMessageReceived(AbstractIoFilterChain.java:299)
	org.apache.mina.common.support.AbstractIoFilterChain.access$1100(AbstractIoFilterChain.java:53)
	org.apache.mina.common.support.AbstractIoFilterChain$EntryImpl$1.messageReceived(AbstractIoFilterChain.java:648)
	org.apache.mina.filter.executor.ExecutorFilter.processEvent(ExecutorFilter.java:220)
	org.apache.mina.filter.executor.ExecutorFilter$ProcessEventsRunnable.run(ExecutorFilter.java:264)
	java.util.concurrent.ThreadPoolExecutor.runWorker(Unknown Source)
	java.util.concurrent.ThreadPoolExecutor$Worker.run(Unknown Source)
	java.lang.Thread.run(Unknown Source)
[00:00:08] java.lang.NullPointerException
	com.rs2.yz85.net.packet.builder.LoginResponsePacket.writePacket(LoginResponsePacket.java:13)
	com.rs2.yz85.net.protocol.LoginProtocolDecoder.completeLogin(LoginProtocolDecoder.java:103)
	com.rs2.yz85.net.protocol.LoginProtocolDecoder.doDecode(LoginProtocolDecoder.java:70)
	org.apache.mina.filter.codec.CumulativeProtocolDecoder.decode(CumulativeProtocolDecoder.java:133)
	org.apache.mina.filter.codec.ProtocolCodecFilter.messageReceived(ProtocolCodecFilter.java:156)
	org.apache.mina.common.support.AbstractIoFilterChain.callNextMessageReceived(AbstractIoFilterChain.java:299)
	org.apache.mina.common.support.AbstractIoFilterChain.access$1100(AbstractIoFilterChain.java:53)
	org.apache.mina.common.support.AbstractIoFilterChain$EntryImpl$1.messageReceived(AbstractIoFilterChain.java:648)
	org.apache.mina.filter.executor.ExecutorFilter.processEvent(ExecutorFilter.java:220)
	org.apache.mina.filter.executor.ExecutorFilter$ProcessEventsRunnable.run(ExecutorFilter.java:264)
	java.util.concurrent.ThreadPoolExecutor.runWorker(Unknown Source)
	java.util.concurrent.ThreadPoolExecutor$Worker.run(Unknown Source)
	java.lang.Thread.run(Unknown Source)
[00:00:16] java.lang.NullPointerException
	com.rs2.yz85.net.packet.builder.LoginResponsePacket.writePacket(LoginResponsePacket.java:13)
	com.rs2.yz85.net.protocol.LoginProtocolDecoder.completeLogin(LoginProtocolDecoder.java:103)
	com.rs2.yz85.net.protocol.LoginProtocolDecoder.doDecode(LoginProtocolDecoder.java:70)
	org.apache.mina.filter.codec.CumulativeProtocolDecoder.decode(CumulativeProtocolDecoder.java:133)
	org.apache.mina.filter.codec.ProtocolCodecFilter.messageReceived(ProtocolCodecFilter.java:156)
	org.apache.mina.common.support.AbstractIoFilterChain.callNextMessageReceived(AbstractIoFilterChain.java:299)
	org.apache.mina.common.support.AbstractIoFilterChain.access$1100(AbstractIoFilterChain.java:53)
	org.apache.mina.common.support.AbstractIoFilterChain$EntryImpl$1.messageReceived(AbstractIoFilterChain.java:648)
	org.apache.mina.filter.executor.ExecutorFilter.processEvent(ExecutorFilter.java:220)
	org.apache.mina.filter.executor.ExecutorFilter$ProcessEventsRunnable.run(ExecutorFilter.java:264)
	java.util.concurrent.ThreadPoolExecutor.runWorker(Unknown Source)
	java.util.concurrent.ThreadPoolExecutor$Worker.run(Unknown Source)
	java.lang.Thread.run(Unknown Source)
